10:51:46: Creating resource group General
10:51:46: Creating resource group Internal
10:51:46: Creating resource group Autodetect
10:51:46: SceneManagerFactory for type 'DefaultSceneManager' registered.
10:51:46: Registering ResourceManager for type Material
10:51:46: Registering ResourceManager for type Mesh
10:51:46: Registering ResourceManager for type Skeleton
10:51:46: MovableObjectFactory for type 'ParticleSystem' registered.
10:51:46: OverlayElementFactory for type Panel registered.
10:51:46: OverlayElementFactory for type BorderPanel registered.
10:51:46: OverlayElementFactory for type TextArea registered.
10:51:46: Registering ResourceManager for type Font
10:51:46: ArchiveFactory for archive type FileSystem registered.
10:51:46: ArchiveFactory for archive type Zip registered.
10:51:46: FreeImage version: 3.9.3
10:51:46: This program uses FreeImage, a free, open source image library supporting all common bitmap formats. See http://freeimage.sourceforge.net for details
10:51:46: Supported formats: bmp,ico,jpg,jif,jpeg,jpe,jng,koa,iff,lbm,mng,pbm,pbm,pcd,pcx,pgm,pgm,png,ppm,ppm,ras,tga,targa,tif,tiff,wap,wbmp,wbm,psd,cut,xbm,xpm,gif,hdr,g3,sgi
10:51:46: DDS codec registering
10:51:46: Registering ResourceManager for type HighLevelGpuProgram
10:51:46: Registering ResourceManager for type Compositor
10:51:46: MovableObjectFactory for type 'Entity' registered.
10:51:46: MovableObjectFactory for type 'Light' registered.
10:51:46: MovableObjectFactory for type 'BillboardSet' registered.
10:51:46: MovableObjectFactory for type 'ManualObject' registered.
10:51:46: MovableObjectFactory for type 'BillboardChain' registered.
10:51:46: MovableObjectFactory for type 'RibbonTrail' registered.
10:51:46: Loading library /usr/lib/OGRE/RenderSystem_GL
10:51:46: Installing plugin: GL RenderSystem
10:51:46: OpenGL Rendering Subsystem created.
10:51:46: Plugin successfully installed
10:51:46: *-*-* OGRE Initialising
10:51:46: *-*-* Version 1.4.5 (Eihort)
10:51:49: CPU Identifier & Features
10:51:49: -------------------------
10:51:49:  *   CPU ID: GenuineIntel: Intel(R) Core(TM)2 Quad CPU    Q9400  @ 2.66GHz
10:51:49:  *      SSE: yes
10:51:49:  *     SSE2: yes
10:51:49:  *     SSE3: yes
10:51:49:  *      MMX: yes
10:51:49:  *   MMXEXT: yes
10:51:49:  *    3DNOW: no
10:51:49:  * 3DNOWEXT: no
10:51:49:  *     CMOV: yes
10:51:49:  *      TSC: yes
10:51:49:  *      FPU: yes
10:51:49:  *      PRO: yes
10:51:49:  *       HT: no
10:51:49: -------------------------
10:51:49: ******************************
*** Starting GLX Subsystem ***
******************************
10:51:49: GLRenderSystem::createRenderWindow "Demo v1.0", 1024x768 windowed  miscParams: FSAA=0 title=Demo v1.0 
10:51:49: GLXWindow::create
10:51:49: Parsing miscParams
10:51:49: GLXWindow::create -- Best visual is 36
10:51:49: OGRE EXCEPTION(6:FileNotFoundException): Cannot locate resource GLX_icon.png in resource group General or any other group. in ResourceGroupManager::openResource at OgreResourceGroupManager.cpp (line 604)
10:51:49: GL_VERSION = 2.1.2 NVIDIA 173.14.12
10:51:49: GL_VENDOR = NVIDIA Corporation
10:51:49: GL_RENDERER = GeForce 7300 SE/7200 GS/PCI/SSE2
10:51:49: GL_EXTENSIONS = GL_ARB_color_buffer_float GL_ARB_depth_texture GL_ARB_draw_buffers GL_ARB_fragment_program GL_ARB_fragment_program_shadow GL_ARB_fragment_shader GL_ARB_half_float_pixel GL_ARB_imaging GL_ARB_multisample GL_ARB_multitexture GL_ARB_occlusion_query GL_ARB_pixel_buffer_object GL_ARB_point_parameters GL_ARB_point_sprite GL_ARB_shadow GL_ARB_shader_objects GL_ARB_shading_language_100 GL_ARB_texture_border_clamp GL_ARB_texture_compression GL_ARB_texture_cube_map GL_ARB_texture_env_add GL_ARB_texture_env_combine GL_ARB_texture_env_dot3 GL_ARB_texture_float GL_ARB_texture_mirrored_repeat GL_ARB_texture_non_power_of_two GL_ARB_texture_rectangle GL_ARB_transpose_matrix GL_ARB_vertex_buffer_object GL_ARB_vertex_program GL_ARB_vertex_shader GL_ARB_window_pos GL_ATI_draw_buffers GL_ATI_texture_float GL_ATI_texture_mirror_once GL_S3_s3tc GL_EXT_texture_env_add GL_EXT_abgr GL_EXT_bgra GL_EXT_blend_color GL_EXT_blend_equation_separate GL_EXT_blend_func_separate GL_EXT_blend_minmax GL_EXT_blend_subtract GL_EXT_compiled_vertex_array GL_EXT_Cg_shader GL_EXT_depth_bounds_test GL_EXT_draw_range_elements GL_EXT_fog_coord GL_EXT_framebuffer_blit GL_EXT_framebuffer_multisample GL_EXT_framebuffer_object GL_EXT_gpu_program_parameters GL_EXT_multi_draw_arrays GL_EXT_packed_depth_stencil GL_EXT_packed_pixels GL_EXT_pixel_buffer_object GL_EXT_point_parameters GL_EXT_rescale_normal GL_EXT_secondary_color GL_EXT_separate_specular_color GL_EXT_shadow_funcs GL_EXT_stencil_two_side GL_EXT_stencil_wrap GL_EXT_texture3D GL_EXT_texture_compression_s3tc GL_EXT_texture_cube_map GL_EXT_texture_edge_clamp GL_EXT_texture_env_combine GL_EXT_texture_env_dot3 GL_EXT_texture_filter_anisotropic GL_EXT_texture_lod GL_EXT_texture_lod_bias GL_EXT_texture_mirror_clamp GL_EXT_texture_object GL_EXT_texture_sRGB GL_EXT_timer_query GL_EXT_vertex_array GL_IBM_rasterpos_clip GL_IBM_texture_mirrored_repeat GL_KTX_buffer_region GL_NV_blend_square GL_NV_copy_depth_to_color GL_NV_depth_clamp GL_NV_fence GL_NV_float_buffer GL_NV_fog_distance GL_NV_fragment_program GL_NV_fragment_program_option GL_NV_fragment_program2 GL_NV_framebuffer_multisample_coverage GL_NV_half_float GL_NV_light_max_exponent GL_NV_multisample_filter_hint GL_NV_occlusion_query GL_NV_packed_depth_stencil GL_NV_pixel_data_range GL_NV_point_sprite GL_NV_primitive_restart GL_NV_register_combiners GL_NV_register_combiners2 GL_NV_texgen_reflection GL_NV_texture_compression_vtc GL_NV_texture_env_combine4 GL_NV_texture_expand_normal GL_NV_texture_rectangle GL_NV_texture_shader GL_NV_texture_shader2 GL_NV_texture_shader3 GL_NV_vertex_array_range GL_NV_vertex_array_range2 GL_NV_vertex_program GL_NV_vertex_program1_1 GL_NV_vertex_program2 GL_NV_vertex_program2_option GL_NV_vertex_program3 GL_NVX_conditional_render GL_SGIS_generate_mipmap GL_SGIS_texture_lod GL_SGIX_depth_texture GL_SGIX_shadow GL_SUN_slice_accum 
10:51:49: ***************************
10:51:49: *** GL Renderer Started ***
10:51:49: ***************************
10:51:49: Registering ResourceManager for type GpuProgram
10:51:49: GLSL support detected
10:51:49: GL: Using GL_EXT_framebuffer_object for rendering to textures (best)
10:51:49: FBO PF_UNKNOWN depth/stencil support: D16S0 D24S0 D32S0 
10:51:49: FBO PF_R5G6B5 depth/stencil support: D0S0 D16S0 D24S0 D32S0 
10:51:49: FBO PF_B5G6R5 depth/stencil support: D0S0 D16S0 D24S0 D32S0 
10:51:49: FBO PF_R8G8B8 depth/stencil support: D0S0 D16S0 D24S0 D32S0 
10:51:49: FBO PF_B8G8R8 depth/stencil support: D0S0 D16S0 D24S0 D32S0 
10:51:49: FBO PF_A8R8G8B8 depth/stencil support: D0S0 D16S0 D24S0 D32S0 Packed-D24S8 
10:51:49: FBO PF_B8G8R8A8 depth/stencil support: D0S0 D16S0 D24S0 D32S0 Packed-D24S8 
10:51:49: FBO PF_A2R10G10B10 depth/stencil support: D0S0 D16S0 D24S0 D32S0 Packed-D24S8 
10:51:49: FBO PF_A2B10G10R10 depth/stencil support: D0S0 D16S0 D24S0 D32S0 Packed-D24S8 
10:51:49: FBO PF_FLOAT16_RGB depth/stencil support: D0S0 D16S0 D24S0 D32S0 
10:51:49: FBO PF_FLOAT16_RGBA depth/stencil support: D0S0 D16S0 D24S0 D32S0 
10:51:49: FBO PF_FLOAT32_RGB depth/stencil support: D0S0 D16S0 D24S0 D32S0 
10:51:49: FBO PF_FLOAT32_RGBA depth/stencil support: D0S0 D16S0 D24S0 D32S0 
10:51:49: FBO PF_X8R8G8B8 depth/stencil support: D0S0 D16S0 D24S0 D32S0 Packed-D24S8 
10:51:49: FBO PF_X8B8G8R8 depth/stencil support: D0S0 D16S0 D24S0 D32S0 Packed-D24S8 
10:51:49: FBO PF_SHORT_RGBA depth/stencil support: D0S0 D16S0 D24S0 D32S0 
10:51:49: FBO PF_R3G3B2 depth/stencil support: D0S0 D16S0 D24S0 D32S0 
10:51:49: FBO PF_SHORT_RGB depth/stencil support: D0S0 D16S0 D24S0 D32S0 
10:51:49: [GL] : Valid FBO targets PF_UNKNOWN PF_R5G6B5 PF_B5G6R5 PF_R8G8B8 PF_B8G8R8 PF_A8R8G8B8 PF_B8G8R8A8 PF_A2R10G10B10 PF_A2B10G10R10 PF_FLOAT16_RGB PF_FLOAT16_RGBA PF_FLOAT32_RGB PF_FLOAT32_RGBA PF_X8R8G8B8 PF_X8B8G8R8 PF_SHORT_RGBA PF_R3G3B2 PF_SHORT_RGB 
10:51:49: RenderSystem capabilities
10:51:49: -------------------------
10:51:49:  * Hardware generation of mipmaps: yes
10:51:49:  * Texture blending: yes
10:51:49:  * Anisotropic texture filtering: yes
10:51:49:  * Dot product texture operation: yes
10:51:49:  * Cube mapping: yes
10:51:49:  * Hardware stencil buffer: yes
10:51:49:    - Stencil depth: 8
10:51:49:    - Two sided stencil support: yes
10:51:49:    - Wrap stencil values: yes
10:51:49:  * Hardware vertex / index buffers: yes
10:51:49:  * Vertex programs: yes
10:51:49:    - Max vertex program version: vp40
10:51:49:  * Fragment programs: yes
10:51:49:    - Max fragment program version: fp40
10:51:49:  * Texture Compression: yes
10:51:49:    - DXT: yes
10:51:49:    - VTC: yes
10:51:49:  * Scissor Rectangle: yes
10:51:49:  * Hardware Occlusion Query: yes
10:51:49:  * User clip planes: yes
10:51:49:  * VET_UBYTE4 vertex element type: yes
10:51:49:  * Infinite far plane projection: yes
10:51:49:  * Hardware render-to-texture: yes
10:51:49:  * Floating point textures: yes
10:51:49:  * Non-power-of-two textures: yes
10:51:49:  * Volume textures: yes
10:51:49:  * Multiple Render Targets: 4
10:51:49:  * Point Sprites: yes
10:51:49:  * Extended point parameters: yes
10:51:49:  * Max Point Size: 63.375
10:51:49:  * Vertex texture fetch: yes
10:51:49:    - Max vertex textures: 4
10:51:49:    - Vertex textures shared: yes
10:51:49: Registering ResourceManager for type Texture
10:51:49: ResourceBackgroundQueue - threading disabled
10:51:49: Particle Renderer Type 'billboard' registered
10:51:49: Creating viewport on target 'Demo v1.0', rendering from camera 'Camera', relative dimensions L: 0.00 T: 0.00 W: 1.00 H: 1.00 ZOrder: 0
10:51:49: Creating resource group Bootstrap
10:51:49: Added resource location 'media/packs/OgreCore.zip' of type 'Zip' to resource group 'Bootstrap'
10:51:49: Added resource location 'media' of type 'FileSystem' to resource group 'General'
10:51:49: Added resource location 'media/own_shaders' of type 'FileSystem' to resource group 'General'
10:51:49: Added resource location 'media/meshes' of type 'FileSystem' to resource group 'General'
10:51:49: Added resource location 'media/gui' of type 'FileSystem' to resource group 'General'
10:51:49: Added resource location 'media/fonts' of type 'FileSystem' to resource group 'General'
10:51:49: Added resource location 'media/overlays' of type 'FileSystem' to resource group 'General'
10:51:49: Added resource location 'media/materials/programs' of type 'FileSystem' to resource group 'General'
10:51:49: Added resource location 'media/materials/scripts' of type 'FileSystem' to resource group 'General'
10:51:49: Added resource location 'media/materials/textures' of type 'FileSystem' to resource group 'General'
10:51:49: Added resource location 'media/packs/cubemapsJS.zip' of type 'Zip' to resource group 'General'
10:51:49: Added resource location 'media/packs/skybox.zip' of type 'Zip' to resource group 'General'
10:51:49: Parsing scripts for resource group Autodetect
10:51:49: Finished parsing scripts for resource group Autodetect
10:51:49: Parsing scripts for resource group Bootstrap
10:51:49: Parsing script OgreCore.material
10:51:49: Parsing script OgreProfiler.material
10:51:49: Parsing script Ogre.fontdef
10:51:49: Parsing script OgreDebugPanel.overlay
10:51:49: Texture: New_Ogre_Border_Center.png: Loading 1 faces(PF_A8R8G8B8,256x128x1) with  hardware generated mipmaps from Image. Internal format is PF_A8R8G8B8,256x128x1.
10:51:49: Texture: New_Ogre_Border.png: Loading 1 faces(PF_A8R8G8B8,256x256x1) with  hardware generated mipmaps from Image. Internal format is PF_A8R8G8B8,256x256x1.
10:51:49: Texture: New_Ogre_Border_Break.png: Loading 1 faces(PF_A8R8G8B8,32x32x1) with  hardware generated mipmaps from Image. Internal format is PF_A8R8G8B8,32x32x1.
10:51:49: Font BlueHighwayusing texture size 512x512
10:51:49: Info: Freetype returned null for character 127 in font BlueHighway
10:51:49: Info: Freetype returned null for character 128 in font BlueHighway
10:51:49: Info: Freetype returned null for character 129 in font BlueHighway
10:51:49: Info: Freetype returned null for character 130 in font BlueHighway
10:51:49: Info: Freetype returned null for character 131 in font BlueHighway
10:51:49: Info: Freetype returned null for character 132 in font BlueHighway
10:51:49: Info: Freetype returned null for character 133 in font BlueHighway
10:51:49: Info: Freetype returned null for character 134 in font BlueHighway
10:51:49: Info: Freetype returned null for character 135 in font BlueHighway
10:51:49: Info: Freetype returned null for character 136 in font BlueHighway
10:51:49: Info: Freetype returned null for character 137 in font BlueHighway
10:51:49: Info: Freetype returned null for character 138 in font BlueHighway
10:51:49: Info: Freetype returned null for character 139 in font BlueHighway
10:51:49: Info: Freetype returned null for character 140 in font BlueHighway
10:51:49: Info: Freetype returned null for character 141 in font BlueHighway
10:51:49: Info: Freetype returned null for character 142 in font BlueHighway
10:51:49: Info: Freetype returned null for character 143 in font BlueHighway
10:51:49: Info: Freetype returned null for character 144 in font BlueHighway
10:51:49: Info: Freetype returned null for character 145 in font BlueHighway
10:51:49: Info: Freetype returned null for character 146 in font BlueHighway
10:51:49: Info: Freetype returned null for character 147 in font BlueHighway
10:51:49: Info: Freetype returned null for character 148 in font BlueHighway
10:51:49: Info: Freetype returned null for character 149 in font BlueHighway
10:51:49: Info: Freetype returned null for character 150 in font BlueHighway
10:51:49: Info: Freetype returned null for character 151 in font BlueHighway
10:51:49: Info: Freetype returned null for character 152 in font BlueHighway
10:51:49: Info: Freetype returned null for character 153 in font BlueHighway
10:51:49: Info: Freetype returned null for character 154 in font BlueHighway
10:51:49: Info: Freetype returned null for character 155 in font BlueHighway
10:51:49: Info: Freetype returned null for character 156 in font BlueHighway
10:51:49: Info: Freetype returned null for character 157 in font BlueHighway
10:51:49: Info: Freetype returned null for character 158 in font BlueHighway
10:51:49: Info: Freetype returned null for character 159 in font BlueHighway
10:51:49: Info: Freetype returned null for character 160 in font BlueHighway
10:51:49: Texture: BlueHighwayTexture: Loading 1 faces(PF_BYTE_LA,512x512x1) with  hardware generated mipmaps from Image. Internal format is PF_BYTE_LA,512x512x1.
10:51:49: Texture: ogretext.png: Loading 1 faces(PF_A8R8G8B8,256x128x1) with  hardware generated mipmaps from Image. Internal format is PF_A8R8G8B8,256x128x1.
10:51:49: Parsing script OgreLoadingPanel.overlay
10:51:49: Finished parsing scripts for resource group Bootstrap
10:51:49: Parsing scripts for resource group General
10:51:49: Parsing script Examples.program
10:51:49: OGRE EXCEPTION(6:FileNotFoundException): Cannot locate resource AmbientOneTexture.glsl in resource group General or any other group. in ResourceGroupManager::openResource at OgreResourceGroupManager.cpp (line 604)
10:51:49: High-level program Ogre/BasicVertexPrograms/AmbientOneTextureGLSL encountered an error during loading and is thus not supported.
OGRE EXCEPTION(6:FileNotFoundException): Cannot locate resource AmbientOneTexture.glsl in resource group General or any other group. in ResourceGroupManager::openResource at OgreResourceGroupManager.cpp (line 604)
10:51:49: OGRE EXCEPTION(6:FileNotFoundException): Cannot locate resource skinningTwoWeightsVp.glsl in resource group General or any other group. in ResourceGroupManager::openResource at OgreResourceGroupManager.cpp (line 604)
10:51:49: High-level program Ogre/HardwareSkinningTwoWeightsGLSL encountered an error during loading and is thus not supported.
OGRE EXCEPTION(6:FileNotFoundException): Cannot locate resource skinningTwoWeightsVp.glsl in resource group General or any other group. in ResourceGroupManager::openResource at OgreResourceGroupManager.cpp (line 604)
10:51:49: OGRE EXCEPTION(2:InvalidParametersException): This params object is not based on a program with named parameters. in GpuProgramParameters::getConstantDefinitionIterator at OgreGpuProgram.cpp (line 854)
10:51:49: Error at line 118 of Examples.program: Invalid param_named_auto attribute - This params object is not based on a program with named parameters.
10:51:49: OGRE EXCEPTION(2:InvalidParametersException): This params object is not based on a program with named parameters. in GpuProgramParameters::getConstantDefinitionIterator at OgreGpuProgram.cpp (line 854)
10:51:49: Error at line 118 of Examples.program: Invalid param_named_auto attribute - This params object is not based on a program with named parameters.
10:51:49: OGRE EXCEPTION(2:InvalidParametersException): This params object is not based on a program with named parameters. in GpuProgramParameters::getConstantDefinitionIterator at OgreGpuProgram.cpp (line 854)
10:51:49: Error at line 118 of Examples.program: Invalid param_named_auto attribute - This params object is not based on a program with named parameters.
10:51:49: OGRE EXCEPTION(2:InvalidParametersException): This params object is not based on a program with named parameters. in GpuProgramParameters::getConstantDefinitionIterator at OgreGpuProgram.cpp (line 854)
10:51:49: Error at line 118 of Examples.program: Invalid param_named_auto attribute - This params object is not based on a program with named parameters.
10:51:49: OGRE EXCEPTION(2:InvalidParametersException): This params object is not based on a program with named parameters. in GpuProgramParameters::getConstantDefinitionIterator at OgreGpuProgram.cpp (line 854)
10:51:49: Error at line 118 of Examples.program: Invalid param_named_auto attribute - This params object is not based on a program with named parameters.
10:51:49: OGRE EXCEPTION(2:InvalidParametersException): This params object is not based on a program with named parameters. in GpuProgramParameters::getConstantDefinitionIterator at OgreGpuProgram.cpp (line 854)
10:51:49: Error at line 118 of Examples.program: Invalid param_named_auto attribute - This params object is not based on a program with named parameters.
10:51:49: Parsing script Ogre.material
10:51:49: Parsing script Scene.material
10:51:49: Parsing script Examples-Advanced.material
10:51:49: Parsing script Example.material
10:51:49: Error in material Examples/GrassBladesAdditiveFloatTransparentBest at line 949 of Example.material: Unrecognised command: shadow_caster_material
10:51:49: Error in material Examples/GrassBladesAdditiveFloatTransparentBest at line 950 of Example.material: Unrecognised command: shadow_receiver_material
10:51:49: Error in material Examples/GrassBladesAdditiveFloatTransparent at line 1066 of Example.material: Unrecognised command: shadow_caster_material
10:51:49: Error in material Examples/GrassBladesAdditiveFloatTransparent at line 1067 of Example.material: Unrecognised command: shadow_receiver_material
10:51:49: Error in material Examples/GrassBladesAdditiveFloat at line 1183 of Example.material: Unrecognised command: shadow_caster_material
10:51:49: Error in material Examples/GrassBladesAdditiveFloat at line 1184 of Example.material: Unrecognised command: shadow_receiver_material
10:51:49: OGRE EXCEPTION(6:FileNotFoundException): Cannot locate resource skinningTwoWeightsShadowCasterVp.glsl in resource group General or any other group. in ResourceGroupManager::openResource at OgreResourceGroupManager.cpp (line 604)
10:51:49: High-level program Ogre/HardwareSkinningTwoWeightsShadowCasterGLSL encountered an error during loading and is thus not supported.
OGRE EXCEPTION(6:FileNotFoundException): Cannot locate resource skinningTwoWeightsShadowCasterVp.glsl in resource group General or any other group. in ResourceGroupManager::openResource at OgreResourceGroupManager.cpp (line 604)
10:51:49: OGRE EXCEPTION(2:InvalidParametersException): This params object is not based on a program with named parameters. in GpuProgramParameters::getConstantDefinitionIterator at OgreGpuProgram.cpp (line 854)
10:51:49: Error in material jaiqua at line 1533 of Example.material: Invalid param_named_auto attribute - This params object is not based on a program with named parameters.
10:51:49: OGRE EXCEPTION(2:InvalidParametersException): This params object is not based on a program with named parameters. in GpuProgramParameters::getConstantDefinitionIterator at OgreGpuProgram.cpp (line 854)
10:51:49: Error in material jaiqua at line 1534 of Example.material: Invalid param_named_auto attribute - This params object is not based on a program with named parameters.
10:51:49: OGRE EXCEPTION(2:InvalidParametersException): This params object is not based on a program with named parameters. in GpuProgramParameters::getConstantDefinitionIterator at OgreGpuProgram.cpp (line 854)
10:51:49: Error in material jaiqua at line 1535 of Example.material: Invalid param_named_auto attribute - This params object is not based on a program with named parameters.
10:51:49: Parsing script Shadows.overlay
10:51:49: Parsing script Example-Water.overlay
10:51:49: Parsing script DP3.overlay
10:51:49: Parsing script Compositor.overlay
10:51:49: Parsing script Example-DynTex.overlay
10:51:49: Parsing script Example-CubeMapping.overlay
10:51:49: Finished parsing scripts for resource group General
10:51:49: Parsing scripts for resource group Internal
10:51:49: Finished parsing scripts for resource group Internal
10:51:49: Demo initialized!
10:51:49: Texture: stormy_fr.jpg: Loading 1 faces(PF_R8G8B8,512x512x1) with  hardware generated mipmaps from Image. Internal format is PF_X8R8G8B8,512x512x1.
10:51:49: Texture: stormy_bk.jpg: Loading 1 faces(PF_R8G8B8,512x512x1) with  hardware generated mipmaps from Image. Internal format is PF_X8R8G8B8,512x512x1.
10:51:49: Texture: stormy_lf.jpg: Loading 1 faces(PF_R8G8B8,512x512x1) with  hardware generated mipmaps from Image. Internal format is PF_X8R8G8B8,512x512x1.
10:51:49: Texture: stormy_rt.jpg: Loading 1 faces(PF_R8G8B8,512x512x1) with  hardware generated mipmaps from Image. Internal format is PF_X8R8G8B8,512x512x1.
10:51:49: Texture: stormy_up.jpg: Loading 1 faces(PF_R8G8B8,512x512x1) with  hardware generated mipmaps from Image. Internal format is PF_X8R8G8B8,512x512x1.
10:51:49: Texture: stormy_dn.jpg: Loading 1 faces(PF_R8G8B8,512x512x1) with  hardware generated mipmaps from Image. Internal format is PF_X8R8G8B8,512x512x1.
10:51:49: WARNING: Mesh instance 'whiteplane' was defined as manually loaded, but no manual loader was provided. This Resource will be lost if it has to be reloaded.
10:51:49: WARNING: Mesh instance 'redplane' was defined as manually loaded, but no manual loader was provided. This Resource will be lost if it has to be reloaded.
10:51:49: Start main loop...
10:59:36: Basic::keyPressed
10:59:36: Main loop quit
10:59:36: Shutdown OGRE...
10:59:36: *-*-* OGRE Shutdown
10:59:36: Unregistering ResourceManager for type Compositor
10:59:36: Unregistering ResourceManager for type Font
10:59:36: Unregistering ResourceManager for type Skeleton
10:59:36: Unregistering ResourceManager for type Mesh
10:59:36: Unregistering ResourceManager for type HighLevelGpuProgram
10:59:36: Uninstalling plugin: GL RenderSystem
10:59:36: Render Target 'Demo v1.0' Average FPS: 209.602 Best FPS: 210.945 Worst FPS: 193.42
10:59:36: Unregistering ResourceManager for type GpuProgram
10:59:36: ******************************
*** Stopping GLX Subsystem ***
******************************
10:59:36: Unregistering ResourceManager for type Texture
10:59:36: Plugin successfully uninstalled
10:59:36: Unloading library /usr/lib/OGRE/RenderSystem_GL
10:59:36: Unregistering ResourceManager for type Material
