13:50:03: Creating resource group General
13:50:03: Creating resource group Internal
13:50:03: Creating resource group Autodetect
13:50:03: Registering ResourceManager for type Mesh
13:50:03: Registering ResourceManager for type Material
13:50:03: Registering ResourceManager for type Skeleton
13:50:03: XMLMeshSerializer reading mesh data from Cube.mesh.xml...
13:50:03: Reading submeshes...
13:50:03: Reading geometry...
13:50:03: Geometry done...
13:50:03: Submeshes done.
13:50:03: XMLMeshSerializer import successful.
13:50:03: Reorganising vertex buffers to automatic layout..
13:50:03: MeshSerializer writing mesh data to Cube.mesh...
13:50:03: File header written.
13:50:03: Writing mesh data...
13:50:03: Writing submesh...
13:50:03: Exporting submesh texture aliases...
13:50:03: Submesh texture aliases exported.
13:50:03: Submesh exported.
13:50:03: Exporting bounds information....
13:50:03: Bounds information exported.
13:50:03: Exporting submesh name table...
13:50:03: Submesh name table exported.
13:50:03: Exporting edge lists...
13:50:03: Edge lists exported
13:50:03: Mesh data exported.
13:50:03: MeshSerializer export successful.
13:50:03: Unregistering ResourceManager for type Skeleton
13:50:03: Unregistering ResourceManager for type Material
13:50:03: Unregistering ResourceManager for type Mesh
